{
  message: '🥌 Database connected successfully',
  level: 'info',
  label: 'right meow!',
  timestamp: '2023-06-13T16:17:05.370Z'
}
{
  message: 'UMP listen on port 5000',
  level: 'info',
  label: 'right meow!',
  timestamp: '2023-06-13T16:17:05.386Z'
}
{
  message: '🥌 Database connected successfully',
  level: 'info',
  label: 'right meow!',
  timestamp: '2023-06-13T16:20:01.541Z'
}
{
  message: 'UMP listen on port 5000',
  level: 'info',
  label: 'right meow!',
  timestamp: '2023-06-13T16:20:01.558Z'
}
{
  message: '🥌 Database connected successfully',
  level: 'info',
  label: 'right meow!',
  timestamp: '2023-06-13T16:20:52.061Z'
}
{
  message: 'UMP listen on port 5000',
  level: 'info',
  label: 'right meow!',
  timestamp: '2023-06-13T16:20:52.079Z'
}
{
  message: '🥌 Database connected successfully',
  level: 'info',
  label: 'right meow!',
  timestamp: '2023-06-13T16:21:05.432Z'
}
{
  message: 'UMP listen on port 5000',
  level: 'info',
  label: 'right meow!',
  timestamp: '2023-06-13T16:21:05.443Z'
}
{
  message: '🥌 Database connected successfully',
  level: 'info',
  label: 'right meow!',
  timestamp: '2023-06-13T16:22:16.360Z'
}
{
  message: 'UMP listen on port 5000',
  level: 'info',
  label: 'right meow!',
  timestamp: '2023-06-13T16:22:16.368Z'
}
{
  message: '🥌 Database connected successfully',
  level: 'info',
  label: 'right meow!',
  timestamp: '2023-06-13T16:22:22.609Z'
}
{
  message: 'UMP listen on port 5000',
  level: 'info',
  label: 'right meow!',
  timestamp: '2023-06-13T16:22:22.618Z'
}
