{
  message: '🥌 Database connected successfully',
  level: 'info',
  label: 'right meow!',
  timestamp: '2023-06-13T08:13:39.006Z'
}
{
  message: 'UMP listen on port 5000',
  level: 'info',
  label: 'right meow!',
  timestamp: '2023-06-13T08:13:39.036Z'
}
{
  message: '🥌 Database connected successfully',
  level: 'info',
  label: 'right meow!',
  timestamp: '2023-06-13T08:13:47.140Z'
}
{
  message: 'UMP listen on port 5000',
  level: 'info',
  label: 'right meow!',
  timestamp: '2023-06-13T08:13:47.161Z'
}
{
  message: '🥌 Database connected successfully',
  level: 'info',
  label: 'right meow!',
  timestamp: '2023-06-13T08:13:49.994Z'
}
{
  message: 'UMP listen on port 5000',
  level: 'info',
  label: 'right meow!',
  timestamp: '2023-06-13T08:13:50.020Z'
}
{
  message: '🥌 Database connected successfully',
  level: 'info',
  label: 'right meow!',
  timestamp: '2023-06-13T08:14:06.017Z'
}
{
  message: 'UMP listen on port 5000',
  level: 'info',
  label: 'right meow!',
  timestamp: '2023-06-13T08:14:06.038Z'
}
{
  message: '🥌 Database connected successfully',
  level: 'info',
  label: 'right meow!',
  timestamp: '2023-06-13T08:14:31.578Z'
}
{
  message: 'UMP listen on port 5000',
  level: 'info',
  label: 'right meow!',
  timestamp: '2023-06-13T08:14:31.592Z'
}
{
  message: '🥌 Database connected successfully',
  level: 'info',
  label: 'right meow!',
  timestamp: '2023-06-13T08:15:26.437Z'
}
{
  message: 'UMP listen on port 5000',
  level: 'info',
  label: 'right meow!',
  timestamp: '2023-06-13T08:15:26.448Z'
}
{
  message: '🥌 Database connected successfully',
  level: 'info',
  label: 'right meow!',
  timestamp: '2023-06-13T08:15:50.200Z'
}
{
  message: 'UMP listen on port 5000',
  level: 'info',
  label: 'right meow!',
  timestamp: '2023-06-13T08:15:50.210Z'
}
