{
  message: '🥌 Database connected successfully',
  level: 'info',
  label: 'right meow!',
  timestamp: '2023-06-13T04:12:11.415Z'
}
{
  message: 'UMP listen on port 5000',
  level: 'info',
  label: 'right meow!',
  timestamp: '2023-06-13T04:12:11.431Z'
}
{
  message: '🥌 Database connected successfully',
  level: 'info',
  label: 'right meow!',
  timestamp: '2023-06-13T04:14:18.105Z'
}
{
  message: 'UMP listen on port 5000',
  level: 'info',
  label: 'right meow!',
  timestamp: '2023-06-13T04:14:18.115Z'
}
{
  message: '🥌 Database connected successfully',
  level: 'info',
  label: 'right meow!',
  timestamp: '2023-06-13T04:16:42.007Z'
}
{
  message: 'UMP listen on port 5000',
  level: 'info',
  label: 'right meow!',
  timestamp: '2023-06-13T04:16:42.015Z'
}
{
  message: '🥌 Database connected successfully',
  level: 'info',
  label: 'right meow!',
  timestamp: '2023-06-13T04:17:22.735Z'
}
{
  message: 'UMP listen on port 5000',
  level: 'info',
  label: 'right meow!',
  timestamp: '2023-06-13T04:17:22.753Z'
}
{
  message: '🥌 Database connected successfully',
  level: 'info',
  label: 'right meow!',
  timestamp: '2023-06-13T04:19:08.897Z'
}
{
  message: 'UMP listen on port 5000',
  level: 'info',
  label: 'right meow!',
  timestamp: '2023-06-13T04:19:08.917Z'
}
{
  message: '🥌 Database connected successfully',
  level: 'info',
  label: 'right meow!',
  timestamp: '2023-06-13T04:21:14.137Z'
}
{
  message: 'UMP listen on port 5000',
  level: 'info',
  label: 'right meow!',
  timestamp: '2023-06-13T04:21:14.148Z'
}
{
  message: '🥌 Database connected successfully',
  level: 'info',
  label: 'right meow!',
  timestamp: '2023-06-13T04:21:42.845Z'
}
{
  message: 'UMP listen on port 5000',
  level: 'info',
  label: 'right meow!',
  timestamp: '2023-06-13T04:21:42.862Z'
}
{
  message: '🥌 Database connected successfully',
  level: 'info',
  label: 'right meow!',
  timestamp: '2023-06-13T04:22:24.455Z'
}
{
  message: 'UMP listen on port 5000',
  level: 'info',
  label: 'right meow!',
  timestamp: '2023-06-13T04:22:24.468Z'
}
